2025-10-13T23:22:08.479Z [info]: OPTIONS /dashboard/B4 - Body: {}
2025-10-13T23:22:08.501Z [info]: GET /dashboard/B4 - Body: {}
2025-10-13T23:22:09.604Z [info]: OPTIONS /dashboard - Body: {}
2025-10-13T23:22:09.615Z [info]: OPTIONS /dashboard - Body: {}
2025-10-13T23:22:09.627Z [info]: GET /dashboard - Body: {}
2025-10-13T23:22:09.683Z [info]: GET /dashboard - Body: {}
2025-10-13T23:22:10.461Z [info]: GET /dashboard/B4 - Body: {}
2025-10-13T23:22:16.444Z [info]: OPTIONS /login - Body: {}
2025-10-13T23:22:16.450Z [info]: POST /login - Body: {}
2025-10-13T23:22:24.755Z [info]: OPTIONS /login - Body: {}
2025-10-13T23:22:24.760Z [info]: POST /login - Body: {}
2025-10-13T23:22:24.946Z [info]: OPTIONS /dashboard - Body: {}
2025-10-13T23:22:24.951Z [info]: GET /dashboard - Body: {}
2025-10-13T23:22:53.404Z [info]: OPTIONS /dashboard/B3 - Body: {}
2025-10-13T23:22:53.412Z [info]: GET /dashboard/B3 - Body: {}
2025-10-13T23:22:54.184Z [info]: GET /dashboard/B3 - Body: {}
2025-10-13T23:22:54.292Z [info]: GET /dashboard/B3 - Body: {}
2025-10-13T23:23:46.758Z [info]: OPTIONS /login - Body: {}
2025-10-13T23:23:46.763Z [info]: POST /login - Body: {}
2025-10-13T23:23:47.019Z [info]: OPTIONS /dashboard/B1 - Body: {}
2025-10-13T23:23:47.022Z [info]: GET /dashboard/B1 - Body: {}
2025-10-13T23:23:47.184Z [info]: GET /dashboard/B1 - Body: {}
2025-10-13T23:23:47.358Z [info]: GET /dashboard/B1 - Body: {}
2025-10-13T23:23:49.314Z [info]: GET /dashboard/B1 - Body: {}
2025-10-13T23:23:49.478Z [info]: GET /dashboard/B1 - Body: {}
2025-10-13T23:23:50.453Z [info]: OPTIONS /dashboard - Body: {}
2025-10-13T23:23:50.458Z [info]: OPTIONS /dashboard - Body: {}
2025-10-13T23:23:50.459Z [info]: GET /dashboard - Body: {}
2025-10-13T23:23:50.499Z [info]: GET /dashboard - Body: {}
2025-10-13T23:24:24.436Z [info]: OPTIONS /login - Body: {}
2025-10-13T23:24:24.439Z [info]: POST /login - Body: {}
2025-10-13T23:24:24.602Z [info]: OPTIONS /dashboard - Body: {}
2025-10-13T23:24:24.606Z [info]: GET /dashboard - Body: {}
2025-10-13T23:24:28.320Z [info]: OPTIONS /dashboard/B1 - Body: {}
2025-10-13T23:24:28.354Z [info]: GET /dashboard/B1 - Body: {}
2025-10-13T23:24:30.887Z [info]: GET /dashboard/B1 - Body: {}
2025-10-13T23:24:31.084Z [info]: GET /dashboard/B1 - Body: {}
2025-10-13T23:24:34.489Z [info]: OPTIONS /dashboard/B1 - Body: {}
2025-10-13T23:24:34.493Z [info]: OPTIONS /dashboard/B1 - Body: {}
2025-10-13T23:24:34.503Z [info]: GET /dashboard/B1 - Body: {}
2025-10-13T23:24:34.685Z [info]: GET /dashboard/B1 - Body: {}
2025-10-13T23:24:53.432Z [info]: OPTIONS /dashboard/B3 - Body: {}
2025-10-13T23:24:53.439Z [info]: GET /dashboard/B3 - Body: {}
2025-10-13T23:24:55.115Z [info]: GET /dashboard/B3 - Body: {}
2025-10-13T23:24:55.220Z [info]: GET /dashboard/B3 - Body: {}
2025-10-13T23:25:42.657Z [info]: OPTIONS /dashboard/B3/new-purchase - Body: {}
2025-10-13T23:25:42.661Z [info]: POST /dashboard/B3/new-purchase - Body: {}
2025-10-13T23:25:42.996Z [info]: OPTIONS /dashboard/B3 - Body: {}
2025-10-13T23:25:43.001Z [info]: GET /dashboard/B3 - Body: {}
2025-10-13T23:26:44.970Z [info]: OPTIONS /dashboard/B3/assign-asset - Body: {}
2025-10-13T23:26:44.976Z [info]: POST /dashboard/B3/assign-asset - Body: {}
2025-10-13T23:26:45.158Z [info]: OPTIONS /dashboard/B3 - Body: {}
2025-10-13T23:26:45.166Z [info]: GET /dashboard/B3 - Body: {}
2025-10-13T23:26:46.988Z [info]: POST /dashboard/B3/assign-asset - Body: {}
2025-10-13T23:26:47.161Z [info]: GET /dashboard/B3 - Body: {}
2025-10-13T23:26:48.800Z [info]: POST /dashboard/B3/assign-asset - Body: {}
2025-10-13T23:26:48.982Z [info]: GET /dashboard/B3 - Body: {}
2025-10-13T23:27:03.201Z [info]: OPTIONS /dashboard/B3/expend-asset - Body: {}
2025-10-13T23:27:03.207Z [info]: PATCH /dashboard/B3/expend-asset - Body: {}
2025-10-13T23:27:03.298Z [info]: OPTIONS /dashboard/B3 - Body: {}
2025-10-13T23:27:03.304Z [info]: GET /dashboard/B3 - Body: {}
2025-10-13T23:27:53.691Z [info]: OPTIONS /dashboard/B3/transfer-asset - Body: {}
2025-10-13T23:27:53.698Z [info]: POST /dashboard/B3/transfer-asset - Body: {}
2025-10-13T23:27:53.949Z [info]: OPTIONS /dashboard/B3 - Body: {}
2025-10-13T23:27:53.956Z [info]: GET /dashboard/B3 - Body: {}
2025-10-13T23:28:05.130Z [info]: OPTIONS /dashboard - Body: {}
2025-10-13T23:28:05.188Z [info]: OPTIONS /dashboard/B1 - Body: {}
2025-10-13T23:28:05.236Z [info]: GET /dashboard - Body: {}
2025-10-13T23:28:05.276Z [info]: GET /dashboard/B1 - Body: {}
2025-10-13T23:28:08.647Z [info]: OPTIONS /dashboard/B1/recieve-asset?status=true - Body: {}
2025-10-13T23:28:08.651Z [info]: POST /dashboard/B1/recieve-asset?status=true - Body: {}
2025-10-13T23:28:08.843Z [info]: GET /dashboard/B1 - Body: {}
2025-10-13T23:28:26.676Z [info]: OPTIONS /dashboard - Body: {}
2025-10-13T23:28:26.683Z [info]: OPTIONS /dashboard/B1 - Body: {}
2025-10-13T23:28:26.689Z [info]: GET /dashboard - Body: {}
2025-10-13T23:28:26.703Z [info]: GET /dashboard/B1 - Body: {}
2025-10-13T23:28:49.314Z [info]: OPTIONS /dashboard/B3/transfer-asset - Body: {}
2025-10-13T23:28:49.329Z [info]: POST /dashboard/B3/transfer-asset - Body: {}
2025-10-13T23:28:49.583Z [info]: OPTIONS /dashboard/B3 - Body: {}
2025-10-13T23:28:49.591Z [info]: GET /dashboard/B3 - Body: {}
2025-10-13T23:28:53.646Z [info]: OPTIONS /dashboard - Body: {}
2025-10-13T23:28:53.664Z [info]: OPTIONS /dashboard/B1 - Body: {}
2025-10-13T23:28:53.669Z [info]: GET /dashboard - Body: {}
2025-10-13T23:28:53.691Z [info]: GET /dashboard/B1 - Body: {}
2025-10-13T23:28:59.911Z [info]: OPTIONS /dashboard/B1/recieve-asset?status=false - Body: {}
2025-10-13T23:28:59.918Z [info]: POST /dashboard/B1/recieve-asset?status=false - Body: {}
2025-10-13T23:29:00.117Z [info]: OPTIONS /dashboard/B1 - Body: {}
2025-10-13T23:29:00.120Z [info]: GET /dashboard/B1 - Body: {}
2025-10-13T23:29:13.581Z [info]: OPTIONS /dashboard/B3 - Body: {}
2025-10-13T23:29:13.601Z [info]: GET /dashboard/B3 - Body: {}
2025-10-13T23:29:36.003Z [info]: OPTIONS /login - Body: {}
2025-10-13T23:29:36.009Z [info]: POST /login - Body: {}
2025-10-13T23:29:36.220Z [info]: OPTIONS /dashboard/B1 - Body: {}
2025-10-13T23:29:36.226Z [info]: GET /dashboard/B1 - Body: {}
2025-10-13T23:29:36.408Z [info]: GET /dashboard/B1 - Body: {}
2025-10-13T23:29:36.580Z [info]: GET /dashboard/B1 - Body: {}
2025-10-13T23:30:09.049Z [info]: OPTIONS /dashboard/B1 - Body: {}
2025-10-13T23:30:09.055Z [info]: GET /dashboard/B1 - Body: {}
2025-10-13T23:31:32.579Z [info]: OPTIONS /login - Body: {}
2025-10-13T23:31:32.582Z [info]: POST /login - Body: {}
2025-10-13T23:31:32.750Z [info]: OPTIONS /dashboard - Body: {}
2025-10-13T23:31:32.754Z [info]: GET /dashboard - Body: {}
2025-10-13T23:31:32.813Z [info]: GET /dashboard - Body: {}
2025-10-13T23:31:32.855Z [info]: GET /dashboard - Body: {}
2025-10-13T23:31:36.316Z [info]: OPTIONS /dashboard/B2 - Body: {}
2025-10-13T23:31:36.326Z [info]: GET /dashboard/B2 - Body: {}
2025-10-13T23:31:37.528Z [info]: GET /dashboard/B2 - Body: {}
2025-10-13T23:31:37.719Z [info]: GET /dashboard/B2 - Body: {}
2025-10-13T23:31:40.172Z [info]: GET /dashboard/B2 - Body: {}
2025-10-13T23:31:40.335Z [info]: GET /dashboard/B2 - Body: {}
2025-10-13T23:32:05.546Z [info]: OPTIONS /dashboard/B2 - Body: {}
2025-10-13T23:32:05.558Z [info]: GET /dashboard/B2 - Body: {}
2025-10-13T23:32:05.696Z [info]: GET /dashboard/B2 - Body: {}
2025-10-13T23:32:11.912Z [info]: OPTIONS /dashboard/B2 - Body: {}
2025-10-13T23:32:11.921Z [info]: GET /dashboard/B2 - Body: {}
2025-10-13T23:32:12.028Z [info]: GET /dashboard/B2 - Body: {}
2025-10-13T23:32:45.691Z [info]: OPTIONS /dashboard/B2/new-purchase - Body: {}
2025-10-13T23:32:45.694Z [info]: POST /dashboard/B2/new-purchase - Body: {}
2025-10-13T23:32:45.958Z [info]: OPTIONS /dashboard/B2 - Body: {}
2025-10-13T23:32:45.961Z [info]: GET /dashboard/B2 - Body: {}
2025-10-13T23:32:56.666Z [info]: OPTIONS /dashboard/B1 - Body: {}
2025-10-13T23:32:56.679Z [info]: GET /dashboard/B1 - Body: {}
2025-10-13T23:33:01.042Z [info]: GET /dashboard/B1 - Body: {}
2025-10-13T23:33:01.267Z [info]: GET /dashboard/B1 - Body: {}
2025-10-13T23:33:36.914Z [info]: OPTIONS /dashboard/B1/assign-asset - Body: {}
2025-10-13T23:33:36.919Z [info]: POST /dashboard/B1/assign-asset - Body: {}
2025-10-13T23:33:37.109Z [info]: OPTIONS /dashboard/B1 - Body: {}
2025-10-13T23:33:37.116Z [info]: GET /dashboard/B1 - Body: {}
2025-10-13T23:33:38.658Z [info]: POST /dashboard/B1/assign-asset - Body: {}
2025-10-13T23:33:38.835Z [info]: GET /dashboard/B1 - Body: {}
2025-10-13T23:33:40.841Z [info]: POST /dashboard/B1/assign-asset - Body: {}
2025-10-13T23:33:41.067Z [info]: GET /dashboard/B1 - Body: {}
2025-10-13T23:34:04.994Z [info]: OPTIONS /dashboard/B1/expend-asset - Body: {}
2025-10-13T23:34:05.000Z [info]: PATCH /dashboard/B1/expend-asset - Body: {}
2025-10-13T23:34:05.087Z [info]: OPTIONS /dashboard/B1 - Body: {}
2025-10-13T23:34:05.093Z [info]: GET /dashboard/B1 - Body: {}
2025-10-13T23:34:39.594Z [info]: OPTIONS /login - Body: {}
2025-10-13T23:34:39.604Z [info]: POST /login - Body: {}
2025-10-13T23:34:39.952Z [info]: OPTIONS /dashboard/B1 - Body: {}
2025-10-13T23:34:39.965Z [info]: GET /dashboard/B1 - Body: {}
2025-10-13T23:34:40.206Z [info]: GET /dashboard/B1 - Body: {}
2025-10-13T23:34:40.520Z [info]: GET /dashboard/B1 - Body: {}
2025-10-13T23:34:59.498Z [info]: OPTIONS /dashboard/B1 - Body: {}
2025-10-13T23:34:59.506Z [info]: GET /dashboard/B1 - Body: {}
2025-10-13T23:35:23.563Z [info]: OPTIONS /login - Body: {}
2025-10-13T23:35:23.582Z [info]: POST /login - Body: {}
2025-10-13T23:35:23.977Z [info]: OPTIONS /dashboard/B2 - Body: {}
2025-10-13T23:35:23.982Z [info]: GET /dashboard/B2 - Body: {}
2025-10-13T23:35:24.166Z [info]: GET /dashboard/B2 - Body: {}
2025-10-13T23:35:24.311Z [info]: GET /dashboard/B2 - Body: {}
2025-10-13T23:35:41.430Z [info]: OPTIONS /dashboard/B1/transfer-asset - Body: {}
2025-10-13T23:35:41.445Z [info]: POST /dashboard/B1/transfer-asset - Body: {}
2025-10-13T23:35:41.667Z [info]: OPTIONS /dashboard/B1 - Body: {}
2025-10-13T23:35:41.671Z [info]: GET /dashboard/B1 - Body: {}
2025-10-13T23:35:57.792Z [info]: OPTIONS /dashboard - Body: {}
2025-10-13T23:35:57.797Z [info]: OPTIONS /dashboard/B2 - Body: {}
2025-10-13T23:35:57.803Z [info]: GET /dashboard - Body: {}
2025-10-13T23:35:57.816Z [info]: GET /dashboard/B2 - Body: {}
2025-10-13T23:36:08.057Z [info]: OPTIONS /dashboard/B1 - Body: {}
2025-10-13T23:36:08.072Z [info]: OPTIONS /dashboard/B1 - Body: {}
2025-10-13T23:36:08.120Z [info]: GET /dashboard/B1 - Body: {}
2025-10-13T23:36:08.390Z [info]: GET /dashboard/B1 - Body: {}
2025-10-13T23:36:58.420Z [info]: OPTIONS /dashboard/B2 - Body: {}
2025-10-13T23:36:58.429Z [info]: GET /dashboard/B2 - Body: {}
2025-10-13T23:37:07.360Z [info]: OPTIONS /dashboard/B2/recieve-asset?status=true - Body: {}
2025-10-13T23:37:07.366Z [info]: POST /dashboard/B2/recieve-asset?status=true - Body: {}
2025-10-13T23:37:07.510Z [info]: OPTIONS /dashboard/B2 - Body: {}
2025-10-13T23:37:07.515Z [info]: GET /dashboard/B2 - Body: {}
2025-10-13T23:41:41.286Z [info]: OPTIONS /login - Body: {}
2025-10-13T23:41:41.293Z [info]: POST /login - Body: {}
2025-10-13T23:41:41.499Z [info]: OPTIONS /dashboard - Body: {}
2025-10-13T23:41:41.504Z [info]: GET /dashboard - Body: {}
2025-10-13T23:41:44.766Z [info]: OPTIONS /dashboard/B2 - Body: {}
2025-10-13T23:41:44.778Z [info]: GET /dashboard/B2 - Body: {}
2025-10-13T23:41:46.926Z [info]: GET /dashboard/B2 - Body: {}
2025-10-13T23:41:47.088Z [info]: GET /dashboard/B2 - Body: {}
2025-10-13T23:42:33.285Z [info]: OPTIONS /dashboard/B2/new-purchase - Body: {}
2025-10-13T23:42:33.290Z [info]: POST /dashboard/B2/new-purchase - Body: {}
2025-10-13T23:42:33.550Z [info]: OPTIONS /dashboard/B2 - Body: {}
2025-10-13T23:42:33.555Z [info]: GET /dashboard/B2 - Body: {}
2025-10-13T23:43:25.525Z [info]: OPTIONS /dashboard/B2/assign-asset - Body: {}
2025-10-13T23:43:25.552Z [info]: POST /dashboard/B2/assign-asset - Body: {}
2025-10-13T23:43:25.730Z [info]: OPTIONS /dashboard/B2 - Body: {}
2025-10-13T23:43:25.733Z [info]: GET /dashboard/B2 - Body: {}
2025-10-13T23:43:27.587Z [info]: POST /dashboard/B2/assign-asset - Body: {}
2025-10-13T23:43:27.793Z [info]: GET /dashboard/B2 - Body: {}
2025-10-13T23:43:29.516Z [info]: POST /dashboard/B2/assign-asset - Body: {}
2025-10-13T23:43:29.670Z [info]: GET /dashboard/B2 - Body: {}
2025-10-13T23:43:54.626Z [info]: OPTIONS /dashboard/B2/expend-asset - Body: {}
2025-10-13T23:43:54.633Z [info]: PATCH /dashboard/B2/expend-asset - Body: {}
2025-10-13T23:43:54.711Z [info]: OPTIONS /dashboard/B2 - Body: {}
2025-10-13T23:43:54.717Z [info]: GET /dashboard/B2 - Body: {}
2025-10-13T23:44:28.342Z [info]: OPTIONS /dashboard/B2/transfer-asset - Body: {}
2025-10-13T23:44:28.348Z [info]: POST /dashboard/B2/transfer-asset - Body: {}
2025-10-13T23:44:28.550Z [info]: OPTIONS /dashboard/B2 - Body: {}
2025-10-13T23:44:28.555Z [info]: GET /dashboard/B2 - Body: {}
2025-10-13T23:44:40.162Z [info]: OPTIONS /dashboard/B1 - Body: {}
2025-10-13T23:44:40.170Z [info]: GET /dashboard/B1 - Body: {}
2025-10-13T23:44:46.185Z [info]: OPTIONS /dashboard/B1/recieve-asset?status=true - Body: {}
2025-10-13T23:44:46.199Z [info]: POST /dashboard/B1/recieve-asset?status=true - Body: {}
2025-10-13T23:44:46.392Z [info]: OPTIONS /dashboard/B1 - Body: {}
2025-10-13T23:44:46.396Z [info]: GET /dashboard/B1 - Body: {}
2025-10-13T23:44:50.971Z [info]: OPTIONS /dashboard/B4 - Body: {}
2025-10-13T23:44:50.990Z [info]: GET /dashboard/B4 - Body: {}
2025-10-13T23:45:05.605Z [info]: OPTIONS /dashboard/B4/transfer-asset - Body: {}
2025-10-13T23:45:05.611Z [info]: POST /dashboard/B4/transfer-asset - Body: {}
2025-10-13T23:45:05.832Z [info]: OPTIONS /dashboard/B4 - Body: {}
2025-10-13T23:45:05.838Z [info]: GET /dashboard/B4 - Body: {}
2025-10-13T23:45:13.705Z [info]: OPTIONS /dashboard/B1 - Body: {}
2025-10-13T23:45:13.722Z [info]: GET /dashboard/B1 - Body: {}
2025-10-13T23:45:18.719Z [info]: OPTIONS /dashboard/B1/recieve-asset?status=false - Body: {}
2025-10-13T23:45:18.723Z [info]: POST /dashboard/B1/recieve-asset?status=false - Body: {}
2025-10-13T23:45:18.863Z [info]: OPTIONS /dashboard/B1 - Body: {}
2025-10-13T23:45:18.869Z [info]: GET /dashboard/B1 - Body: {}
2025-10-13T23:45:51.193Z [info]: OPTIONS /dashboard/B1 - Body: {}
2025-10-13T23:45:51.199Z [info]: GET /dashboard/B1 - Body: {}
2025-10-13T23:45:59.154Z [info]: OPTIONS /login - Body: {}
2025-10-13T23:45:59.159Z [info]: POST /login - Body: {}
2025-10-13T23:46:07.939Z [info]: OPTIONS /login - Body: {}
2025-10-13T23:46:07.943Z [info]: POST /login - Body: {}
2025-10-13T23:46:08.234Z [info]: OPTIONS /dashboard/B1 - Body: {}
2025-10-13T23:46:08.257Z [info]: GET /dashboard/B1 - Body: {}
2025-10-13T23:46:08.501Z [info]: GET /dashboard/B1 - Body: {}
2025-10-13T23:46:08.784Z [info]: GET /dashboard/B1 - Body: {}
2025-10-13T23:46:10.895Z [info]: GET /dashboard/B1 - Body: {}
2025-10-13T23:46:11.185Z [info]: GET /dashboard/B1 - Body: {}
2025-10-13T23:46:14.624Z [info]: OPTIONS /dashboard/B1 - Body: {}
2025-10-13T23:46:14.636Z [info]: GET /dashboard/B1 - Body: {}
2025-10-13T23:46:14.847Z [info]: GET /dashboard/B1 - Body: {}
2025-10-13T23:46:20.933Z [info]: OPTIONS /dashboard/B1 - Body: {}
2025-10-13T23:46:20.942Z [info]: GET /dashboard/B1 - Body: {}
2025-10-13T23:47:44.298Z [info]: OPTIONS /login - Body: {}
2025-10-13T23:47:44.303Z [info]: POST /login - Body: {}
2025-10-13T23:47:44.462Z [info]: OPTIONS /dashboard - Body: {}
2025-10-13T23:47:44.466Z [info]: GET /dashboard - Body: {}
2025-10-13T23:47:50.221Z [info]: OPTIONS /dashboard - Body: {}
2025-10-13T23:47:50.227Z [info]: GET /dashboard - Body: {}
2025-10-13T23:47:59.597Z [info]: OPTIONS /login - Body: {}
2025-10-13T23:47:59.600Z [info]: POST /login - Body: {}
2025-10-13T23:47:59.787Z [info]: OPTIONS /dashboard - Body: {}
2025-10-13T23:47:59.790Z [info]: GET /dashboard - Body: {}
2025-10-13T23:48:25.224Z [info]: OPTIONS /login - Body: {}
2025-10-13T23:48:25.229Z [info]: POST /login - Body: {}
2025-10-13T23:48:25.411Z [info]: OPTIONS /dashboard - Body: {}
2025-10-13T23:48:25.414Z [info]: GET /dashboard - Body: {}
2025-10-13T23:48:25.467Z [info]: GET /dashboard - Body: {}
2025-10-13T23:48:25.513Z [info]: GET /dashboard - Body: {}
2025-10-13T23:48:28.867Z [info]: OPTIONS /dashboard/B1 - Body: {}
2025-10-13T23:48:28.874Z [info]: GET /dashboard/B1 - Body: {}
2025-10-13T23:48:30.722Z [info]: OPTIONS /dashboard/B2 - Body: {}
2025-10-13T23:48:30.728Z [info]: GET /dashboard/B2 - Body: {}
2025-10-13T23:48:33.791Z [info]: OPTIONS /dashboard/B4 - Body: {}
2025-10-13T23:48:33.799Z [info]: GET /dashboard/B4 - Body: {}
2025-10-13T23:48:35.024Z [info]: OPTIONS /dashboard/B1 - Body: {}
2025-10-13T23:48:35.031Z [info]: GET /dashboard/B1 - Body: {}
2025-10-13T23:48:37.998Z [info]: OPTIONS /dashboard/B3 - Body: {}
2025-10-13T23:48:38.015Z [info]: GET /dashboard/B3 - Body: {}
2025-10-13T23:48:38.676Z [info]: GET /dashboard/B3 - Body: {}
2025-10-13T23:48:38.831Z [info]: GET /dashboard/B3 - Body: {}
2025-10-13T23:49:04.613Z [info]: OPTIONS /dashboard/B3/new-purchase - Body: {}
2025-10-13T23:49:04.620Z [info]: POST /dashboard/B3/new-purchase - Body: {}
2025-10-13T23:49:04.893Z [info]: OPTIONS /dashboard/B3 - Body: {}
2025-10-13T23:49:04.898Z [info]: GET /dashboard/B3 - Body: {}
2025-10-13T23:49:42.486Z [info]: OPTIONS /dashboard/B3/assign-asset - Body: {}
2025-10-13T23:49:42.491Z [info]: POST /dashboard/B3/assign-asset - Body: {}
2025-10-13T23:49:42.642Z [info]: OPTIONS /dashboard/B3 - Body: {}
2025-10-13T23:49:42.647Z [info]: GET /dashboard/B3 - Body: {}
2025-10-13T23:49:46.522Z [info]: POST /dashboard/B3/assign-asset - Body: {}
2025-10-13T23:49:46.698Z [info]: GET /dashboard/B3 - Body: {}
2025-10-13T23:49:59.074Z [info]: OPTIONS /dashboard/B3/expend-asset - Body: {}
2025-10-13T23:49:59.078Z [info]: PATCH /dashboard/B3/expend-asset - Body: {}
2025-10-13T23:49:59.155Z [info]: OPTIONS /dashboard/B3 - Body: {}
2025-10-13T23:49:59.162Z [info]: GET /dashboard/B3 - Body: {}
2025-10-13T23:50:25.801Z [info]: OPTIONS /dashboard/B3/transfer-asset - Body: {}
2025-10-13T23:50:25.808Z [info]: POST /dashboard/B3/transfer-asset - Body: {}
2025-10-13T23:50:25.998Z [info]: OPTIONS /dashboard/B3 - Body: {}
2025-10-13T23:50:26.003Z [info]: GET /dashboard/B3 - Body: {}
2025-10-13T23:50:39.018Z [info]: OPTIONS /dashboard/B1 - Body: {}
2025-10-13T23:50:39.027Z [info]: GET /dashboard/B1 - Body: {}
2025-10-13T23:50:43.274Z [info]: OPTIONS /dashboard/B1/recieve-asset?status=true - Body: {}
2025-10-13T23:50:43.279Z [info]: POST /dashboard/B1/recieve-asset?status=true - Body: {}
2025-10-13T23:50:43.441Z [info]: GET /dashboard/B1 - Body: {}
2025-10-13T23:50:47.125Z [info]: OPTIONS /dashboard/B4 - Body: {}
2025-10-13T23:50:47.132Z [info]: GET /dashboard/B4 - Body: {}
2025-10-13T23:51:01.009Z [info]: OPTIONS /dashboard/B4/transfer-asset - Body: {}
2025-10-13T23:51:01.015Z [info]: POST /dashboard/B4/transfer-asset - Body: {}
2025-10-13T23:51:01.225Z [info]: OPTIONS /dashboard/B4 - Body: {}
2025-10-13T23:51:01.228Z [info]: GET /dashboard/B4 - Body: {}
2025-10-13T23:51:07.785Z [info]: OPTIONS /dashboard/B2 - Body: {}
2025-10-13T23:51:07.794Z [info]: GET /dashboard/B2 - Body: {}
2025-10-13T23:51:08.944Z [info]: OPTIONS /dashboard/B1 - Body: {}
2025-10-13T23:51:08.951Z [info]: GET /dashboard/B1 - Body: {}
2025-10-13T23:51:17.576Z [info]: OPTIONS /dashboard/B1/recieve-asset?status=false - Body: {}
2025-10-13T23:51:17.581Z [info]: POST /dashboard/B1/recieve-asset?status=false - Body: {}
2025-10-13T23:51:17.736Z [info]: OPTIONS /dashboard/B1 - Body: {}
2025-10-13T23:51:17.740Z [info]: GET /dashboard/B1 - Body: {}
2025-10-13T23:55:38.468Z [info]: OPTIONS /dashboard/B1 - Body: {}
2025-10-13T23:55:38.485Z [info]: GET /dashboard/B1 - Body: {}
2025-10-14T12:56:07.684Z [info]: OPTIONS /dashboard/B1 - Body: {}
2025-10-14T12:56:07.712Z [info]: GET /dashboard/B1 - Body: {}
2025-10-14T12:56:07.771Z [info]: OPTIONS /dashboard/B1 - Body: {}
2025-10-14T12:56:08.235Z [info]: GET /dashboard/B1 - Body: {}
