2025-10-14T15:26:39.794Z [info]: GET / - Body: {}
2025-10-14T15:26:39.985Z [info]: GET /assets/index-Clil2g-t.js - Body: {}
2025-10-14T15:26:40.018Z [info]: GET /assets/index-C11chwFa.css - Body: {}
2025-10-14T15:26:50.754Z [info]: POST /undefined/login - Body: {}
2025-10-14T15:27:53.872Z [info]: GET /assets/index-C11chwFa.css - Body: {}
2025-10-14T15:27:53.938Z [info]: GET /.well-known/appspecific/com.chrome.devtools.json - Body: {}
2025-10-14T15:28:05.474Z [info]: POST /undefined/login - Body: {}
2025-10-14T15:28:53.283Z [info]: POST /undefined/login - Body: {}
2025-10-14T15:29:43.370Z [info]: POST /undefined/login - Body: {}
2025-10-14T15:30:18.772Z [info]: GET /login - Body: {}
2025-10-14T15:30:18.888Z [info]: GET /assets/index-C11chwFa.css - Body: {}
2025-10-14T15:30:18.898Z [info]: GET /assets/index-Clil2g-t.js - Body: {}
2025-10-14T15:30:18.907Z [info]: GET /.well-known/appspecific/com.chrome.devtools.json - Body: {}
2025-10-14T15:30:26.084Z [info]: POST /undefined/login - Body: {}
2025-10-14T15:31:41.301Z [info]: POST /undefined/login - Body: {}
2025-10-14T15:39:40.639Z [info]: GET /login - Body: {}
2025-10-14T15:39:40.773Z [info]: GET /assets/index-ylHHfPbd.js - Body: {}
2025-10-14T15:39:40.782Z [info]: GET /.well-known/appspecific/com.chrome.devtools.json - Body: {}
2025-10-14T15:39:40.797Z [info]: GET /assets/index-C11chwFa.css - Body: {}
2025-10-14T15:39:53.203Z [info]: POST /login - Body: {}
2025-10-14T15:39:53.459Z [info]: GET /dashboard - Body: {}
2025-10-14T15:39:53.532Z [info]: GET /dashboard - Body: {}
2025-10-14T15:39:59.203Z [info]: GET /dashboard/B1 - Body: {}
2025-10-14T15:40:02.795Z [info]: GET /dashboard/B1 - Body: {}
2025-10-14T15:45:15.726Z [info]: OPTIONS /login - Body: {}
2025-10-14T15:45:15.738Z [info]: POST /login - Body: {}
2025-10-14T15:45:15.930Z [info]: OPTIONS /dashboard - Body: {}
2025-10-14T15:45:15.934Z [info]: GET /dashboard - Body: {}
2025-10-14T15:45:16.027Z [info]: GET /dashboard - Body: {}
2025-10-14T15:45:16.067Z [info]: GET /dashboard - Body: {}
2025-10-14T15:45:17.947Z [info]: OPTIONS /dashboard/B1 - Body: {}
2025-10-14T15:45:17.952Z [info]: GET /dashboard/B1 - Body: {}
2025-10-14T16:39:48.847Z [info]: OPTIONS /dashboard - Body: {}
2025-10-14T16:39:48.933Z [info]: GET /dashboard - Body: {}
2025-10-14T16:39:52.078Z [info]: OPTIONS /dashboard/B1 - Body: {}
2025-10-14T16:39:52.090Z [info]: GET /dashboard/B1 - Body: {}
2025-10-14T16:41:53.215Z [info]: OPTIONS /dashboard - Body: {}
2025-10-14T16:41:53.240Z [info]: GET /dashboard - Body: {}
2025-10-14T16:41:56.687Z [info]: OPTIONS /dashboard/B1 - Body: {}
2025-10-14T16:41:56.692Z [info]: GET /dashboard/B1 - Body: {}
2025-10-14T16:44:38.883Z [info]: OPTIONS /dashboard - Body: {}
2025-10-14T16:44:38.903Z [info]: GET /dashboard - Body: {}
2025-10-14T16:46:52.986Z [info]: OPTIONS /dashboard - Body: {}
2025-10-14T16:46:53.020Z [info]: GET /dashboard - Body: {}
2025-10-14T16:46:58.566Z [info]: OPTIONS /dashboard/B1 - Body: {}
2025-10-14T16:46:58.572Z [info]: GET /dashboard/B1 - Body: {}
